Build started 12/21/2013 9:29:16 PM.
     1>Project "C:\Users\Jason\Downloads\CS174A Final\ktak-tunnel-dodge-ba4820b2545a\174AProject\174AProject.vcxproj" on node 2 (Build target(s)).
     1>ClCompile:
         C:\Program Files (x86)\Microsoft Visual Studio 12.0\VC\bin\CL.exe /c /I"C:\Users\Jason\Downloads\CS174A Final\ktak-tunnel-dodge-ba4820b2545a\174AProject\..\glew-1.9.0\include" /I"C:\Users\Jason\Downloads\CS174A Final\ktak-tunnel-dodge-ba4820b2545a\174AProject\..\freeglut-1.8.0\include" /ZI /nologo /W3 /WX- /Od /Oy- /D _MBCS /Gm /EHsc /RTC1 /MDd /GS /fp:precise /Zc:wchar_t /Zc:forScope /Fo"Debug\\" /Fd"Debug\vc120.pdb" /Gd /TC /analyze- /errorReport:prompt image_DXT.c image_helper.c SOIL.c stb_image_aug.c
         stb_image_aug.c
     1>c:\users\jason\downloads\cs174a final\ktak-tunnel-dodge-ba4820b2545a\174aproject\stb_image_aug.c(177): warning C4996: 'fopen': This function or variable may be unsafe. Consider using fopen_s instead. To disable deprecation, use _CRT_SECURE_NO_WARNINGS. See online help for details.
                 c:\program files (x86)\microsoft visual studio 12.0\vc\include\stdio.h(211) : see declaration of 'fopen'
     1>c:\users\jason\downloads\cs174a final\ktak-tunnel-dodge-ba4820b2545a\174aproject\stb_image_aug.c(251): warning C4996: 'fopen': This function or variable may be unsafe. Consider using fopen_s instead. To disable deprecation, use _CRT_SECURE_NO_WARNINGS. See online help for details.
                 c:\program files (x86)\microsoft visual studio 12.0\vc\include\stdio.h(211) : see declaration of 'fopen'
     1>c:\users\jason\downloads\cs174a final\ktak-tunnel-dodge-ba4820b2545a\174aproject\stb_image_aug.c(303): warning C4996: 'fopen': This function or variable may be unsafe. Consider using fopen_s instead. To disable deprecation, use _CRT_SECURE_NO_WARNINGS. See online help for details.
                 c:\program files (x86)\microsoft visual studio 12.0\vc\include\stdio.h(211) : see declaration of 'fopen'
     1>c:\users\jason\downloads\cs174a final\ktak-tunnel-dodge-ba4820b2545a\174aproject\stb_image_aug.c(1557): warning C4996: 'fopen': This function or variable may be unsafe. Consider using fopen_s instead. To disable deprecation, use _CRT_SECURE_NO_WARNINGS. See online help for details.
                 c:\program files (x86)\microsoft visual studio 12.0\vc\include\stdio.h(211) : see declaration of 'fopen'
     1>c:\users\jason\downloads\cs174a final\ktak-tunnel-dodge-ba4820b2545a\174aproject\stb_image_aug.c(2394): warning C4996: 'fopen': This function or variable may be unsafe. Consider using fopen_s instead. To disable deprecation, use _CRT_SECURE_NO_WARNINGS. See online help for details.
                 c:\program files (x86)\microsoft visual studio 12.0\vc\include\stdio.h(211) : see declaration of 'fopen'
     1>c:\users\jason\downloads\cs174a final\ktak-tunnel-dodge-ba4820b2545a\174aproject\stb_image_aug.c(2709): warning C4996: 'fopen': This function or variable may be unsafe. Consider using fopen_s instead. To disable deprecation, use _CRT_SECURE_NO_WARNINGS. See online help for details.
                 c:\program files (x86)\microsoft visual studio 12.0\vc\include\stdio.h(211) : see declaration of 'fopen'
     1>c:\users\jason\downloads\cs174a final\ktak-tunnel-dodge-ba4820b2545a\174aproject\stb_image_aug.c(2995): warning C4996: 'fopen': This function or variable may be unsafe. Consider using fopen_s instead. To disable deprecation, use _CRT_SECURE_NO_WARNINGS. See online help for details.
                 c:\program files (x86)\microsoft visual studio 12.0\vc\include\stdio.h(211) : see declaration of 'fopen'
     1>c:\users\jason\downloads\cs174a final\ktak-tunnel-dodge-ba4820b2545a\174aproject\stb_image_aug.c(3209): warning C4996: 'fopen': This function or variable may be unsafe. Consider using fopen_s instead. To disable deprecation, use _CRT_SECURE_NO_WARNINGS. See online help for details.
                 c:\program files (x86)\microsoft visual studio 12.0\vc\include\stdio.h(211) : see declaration of 'fopen'
     1>c:\users\jason\downloads\cs174a final\ktak-tunnel-dodge-ba4820b2545a\174aproject\stb_image_aug.c(3548): warning C4996: 'fopen': This function or variable may be unsafe. Consider using fopen_s instead. To disable deprecation, use _CRT_SECURE_NO_WARNINGS. See online help for details.
                 c:\program files (x86)\microsoft visual studio 12.0\vc\include\stdio.h(211) : see declaration of 'fopen'
     1>c:\users\jason\downloads\cs174a final\ktak-tunnel-dodge-ba4820b2545a\174aproject\stb_image_aug.c(3644): warning C4996: 'fopen': This function or variable may be unsafe. Consider using fopen_s instead. To disable deprecation, use _CRT_SECURE_NO_WARNINGS. See online help for details.
                 c:\program files (x86)\microsoft visual studio 12.0\vc\include\stdio.h(211) : see declaration of 'fopen'
     1>c:\users\jason\downloads\cs174a final\ktak-tunnel-dodge-ba4820b2545a\174aproject\stbi_dds_aug_c.h(362): warning C4018: '>' : signed/unsigned mismatch
     1>c:\users\jason\downloads\cs174a final\ktak-tunnel-dodge-ba4820b2545a\174aproject\stbi_dds_aug_c.h(366): warning C4018: '>' : signed/unsigned mismatch
     1>c:\users\jason\downloads\cs174a final\ktak-tunnel-dodge-ba4820b2545a\174aproject\stbi_dds_aug_c.h(390): warning C4018: '<' : signed/unsigned mismatch
     1>c:\users\jason\downloads\cs174a final\ktak-tunnel-dodge-ba4820b2545a\174aproject\stbi_dds_aug_c.h(427): warning C4018: '<' : signed/unsigned mismatch
     1>c:\users\jason\downloads\cs174a final\ktak-tunnel-dodge-ba4820b2545a\174aproject\stbi_dds_aug_c.h(498): warning C4996: 'fopen': This function or variable may be unsafe. Consider using fopen_s instead. To disable deprecation, use _CRT_SECURE_NO_WARNINGS. See online help for details.
                 c:\program files (x86)\microsoft visual studio 12.0\vc\include\stdio.h(211) : see declaration of 'fopen'
         SOIL.c
     1>c:\users\jason\downloads\cs174a final\ktak-tunnel-dodge-ba4820b2545a\174aproject\soil.c(1718): warning C4018: '<=' : signed/unsigned mismatch
     1>c:\users\jason\downloads\cs174a final\ktak-tunnel-dodge-ba4820b2545a\174aproject\soil.c(1728): warning C4018: '<' : signed/unsigned mismatch
     1>c:\users\jason\downloads\cs174a final\ktak-tunnel-dodge-ba4820b2545a\174aproject\soil.c(1840): warning C4996: 'fopen': This function or variable may be unsafe. Consider using fopen_s instead. To disable deprecation, use _CRT_SECURE_NO_WARNINGS. See online help for details.
                 c:\program files (x86)\microsoft visual studio 12.0\vc\include\stdio.h(211) : see declaration of 'fopen'
         image_helper.c
     1>c:\users\jason\downloads\cs174a final\ktak-tunnel-dodge-ba4820b2545a\174aproject\image_helper.c(325): warning C4244: 'initializing' : conversion from 'double' to 'float', possible loss of data
     1>c:\users\jason\downloads\cs174a final\ktak-tunnel-dodge-ba4820b2545a\174aproject\image_helper.c(366): warning C4244: '=' : conversion from 'double' to 'float', possible loss of data
     1>c:\users\jason\downloads\cs174a final\ktak-tunnel-dodge-ba4820b2545a\174aproject\image_helper.c(373): warning C4244: '=' : conversion from 'float' to 'int', possible loss of data
     1>c:\users\jason\downloads\cs174a final\ktak-tunnel-dodge-ba4820b2545a\174aproject\image_helper.c(415): warning C4244: '=' : conversion from 'double' to 'float', possible loss of data
     1>c:\users\jason\downloads\cs174a final\ktak-tunnel-dodge-ba4820b2545a\174aproject\image_helper.c(422): warning C4244: '=' : conversion from 'float' to 'int', possible loss of data
         image_DXT.c
     1>c:\users\jason\downloads\cs174a final\ktak-tunnel-dodge-ba4820b2545a\174aproject\image_dxt.c(92): warning C4996: 'fopen': This function or variable may be unsafe. Consider using fopen_s instead. To disable deprecation, use _CRT_SECURE_NO_WARNINGS. See online help for details.
                 c:\program files (x86)\microsoft visual studio 12.0\vc\include\stdio.h(211) : see declaration of 'fopen'
         Generating Code...
         C:\Program Files (x86)\Microsoft Visual Studio 12.0\VC\bin\CL.exe /c /I"C:\Users\Jason\Downloads\CS174A Final\ktak-tunnel-dodge-ba4820b2545a\174AProject\..\glew-1.9.0\include" /I"C:\Users\Jason\Downloads\CS174A Final\ktak-tunnel-dodge-ba4820b2545a\174AProject\..\freeglut-1.8.0\include" /ZI /nologo /W3 /WX- /Od /Oy- /D _MBCS /Gm /EHsc /RTC1 /MDd /GS /fp:precise /Zc:wchar_t /Zc:forScope /Fo"Debug\\" /Fd"Debug\vc120.pdb" /Gd /TP /analyze- /errorReport:prompt main.cpp
         main.cpp
     1>c:\users\jason\downloads\cs174a final\ktak-tunnel-dodge-ba4820b2545a\174aproject\angel.h(63): warning C4305: 'initializing' : truncation from 'double' to 'const GLfloat'
     1>c:\users\jason\downloads\cs174a final\ktak-tunnel-dodge-ba4820b2545a\174aproject\mat.h(698): warning C4244: '=' : conversion from 'double' to 'GLfloat', possible loss of data
     1>c:\users\jason\downloads\cs174a final\ktak-tunnel-dodge-ba4820b2545a\174aproject\mat.h(699): warning C4244: '=' : conversion from 'double' to 'GLfloat', possible loss of data
     1>c:\users\jason\downloads\cs174a final\ktak-tunnel-dodge-ba4820b2545a\174aproject\mat.h(700): warning C4244: '=' : conversion from 'double' to 'GLfloat', possible loss of data
     1>c:\users\jason\downloads\cs174a final\ktak-tunnel-dodge-ba4820b2545a\174aproject\mat.h(721): warning C4244: '=' : conversion from 'double' to 'GLfloat', possible loss of data
     1>c:\users\jason\downloads\cs174a final\ktak-tunnel-dodge-ba4820b2545a\174aproject\mat.h(723): warning C4244: '=' : conversion from 'double' to 'GLfloat', possible loss of data
     1>c:\users\jason\downloads\cs174a final\ktak-tunnel-dodge-ba4820b2545a\174aproject\mat.h(726): warning C4244: '=' : conversion from 'double' to 'GLfloat', possible loss of data
     1>c:\users\jason\downloads\cs174a final\ktak-tunnel-dodge-ba4820b2545a\174aproject\mat.h(743): warning C4244: '=' : conversion from 'double' to 'GLfloat', possible loss of data
     1>c:\users\jason\downloads\cs174a final\ktak-tunnel-dodge-ba4820b2545a\174aproject\main.cpp(121): warning C4305: '=' : truncation from 'double' to 'GLfloat'
     1>c:\users\jason\downloads\cs174a final\ktak-tunnel-dodge-ba4820b2545a\174aproject\main.cpp(122): warning C4305: '=' : truncation from 'double' to 'GLfloat'
     1>c:\users\jason\downloads\cs174a final\ktak-tunnel-dodge-ba4820b2545a\174aproject\main.cpp(123): warning C4305: '=' : truncation from 'double' to 'GLfloat'
     1>c:\users\jason\downloads\cs174a final\ktak-tunnel-dodge-ba4820b2545a\174aproject\main.cpp(171): warning C4244: '=' : conversion from 'GLint' to 'float', possible loss of data
     1>c:\users\jason\downloads\cs174a final\ktak-tunnel-dodge-ba4820b2545a\174aproject\main.cpp(172): warning C4244: 'initializing' : conversion from 'double' to 'float', possible loss of data
     1>c:\users\jason\downloads\cs174a final\ktak-tunnel-dodge-ba4820b2545a\174aproject\main.cpp(362): warning C4244: '=' : conversion from 'GLint' to 'float', possible loss of data
     1>c:\users\jason\downloads\cs174a final\ktak-tunnel-dodge-ba4820b2545a\174aproject\main.cpp(363): warning C4244: 'initializing' : conversion from 'double' to 'float', possible loss of data
     1>c:\users\jason\downloads\cs174a final\ktak-tunnel-dodge-ba4820b2545a\174aproject\main.cpp(374): warning C4244: '=' : conversion from 'clock_t' to 'GLfloat', possible loss of data
     1>c:\users\jason\downloads\cs174a final\ktak-tunnel-dodge-ba4820b2545a\174aproject\main.cpp(396): warning C4244: '-=' : conversion from 'double' to 'float', possible loss of data
     1>c:\users\jason\downloads\cs174a final\ktak-tunnel-dodge-ba4820b2545a\174aproject\main.cpp(401): warning C4244: 'initializing' : conversion from 'double' to 'float', possible loss of data
     1>c:\users\jason\downloads\cs174a final\ktak-tunnel-dodge-ba4820b2545a\174aproject\main.cpp(439): warning C4244: 'initializing' : conversion from 'double' to 'float', possible loss of data
     1>c:\users\jason\downloads\cs174a final\ktak-tunnel-dodge-ba4820b2545a\174aproject\main.cpp(473): warning C4244: 'initializing' : conversion from 'double' to 'float', possible loss of data
     1>c:\users\jason\downloads\cs174a final\ktak-tunnel-dodge-ba4820b2545a\174aproject\main.cpp(498): warning C4244: 'initializing' : conversion from 'double' to 'float', possible loss of data
     1>c:\users\jason\downloads\cs174a final\ktak-tunnel-dodge-ba4820b2545a\174aproject\main.cpp(567): warning C4244: 'argument' : conversion from 'double' to 'GLfloat', possible loss of data
     1>c:\users\jason\downloads\cs174a final\ktak-tunnel-dodge-ba4820b2545a\174aproject\main.cpp(572): warning C4244: 'argument' : conversion from 'double' to 'GLfloat', possible loss of data
     1>c:\users\jason\downloads\cs174a final\ktak-tunnel-dodge-ba4820b2545a\174aproject\main.cpp(577): warning C4244: 'argument' : conversion from 'double' to 'GLfloat', possible loss of data
     1>c:\users\jason\downloads\cs174a final\ktak-tunnel-dodge-ba4820b2545a\174aproject\main.cpp(605): warning C4305: 'argument' : truncation from 'double' to 'GLfloat'
     1>c:\users\jason\downloads\cs174a final\ktak-tunnel-dodge-ba4820b2545a\174aproject\main.cpp(606): warning C4305: 'argument' : truncation from 'double' to 'GLfloat'
     1>c:\users\jason\downloads\cs174a final\ktak-tunnel-dodge-ba4820b2545a\174aproject\main.cpp(607): warning C4305: 'argument' : truncation from 'double' to 'GLfloat'
     1>c:\users\jason\downloads\cs174a final\ktak-tunnel-dodge-ba4820b2545a\174aproject\main.cpp(750): warning C4244: 'argument' : conversion from 'double' to 'float', possible loss of data
     1>c:\users\jason\downloads\cs174a final\ktak-tunnel-dodge-ba4820b2545a\174aproject\main.cpp(751): warning C4244: 'argument' : conversion from 'double' to 'float', possible loss of data
     1>c:\users\jason\downloads\cs174a final\ktak-tunnel-dodge-ba4820b2545a\174aproject\main.cpp(752): warning C4244: 'argument' : conversion from 'double' to 'float', possible loss of data
     1>c:\users\jason\downloads\cs174a final\ktak-tunnel-dodge-ba4820b2545a\174aproject\main.cpp(753): warning C4244: 'argument' : conversion from 'double' to 'float', possible loss of data
     1>c:\users\jason\downloads\cs174a final\ktak-tunnel-dodge-ba4820b2545a\174aproject\main.cpp(855): warning C4244: '=' : conversion from 'int' to 'float', possible loss of data
     1>c:\users\jason\downloads\cs174a final\ktak-tunnel-dodge-ba4820b2545a\174aproject\main.cpp(856): warning C4244: 'argument' : conversion from 'int' to 'const GLfloat', possible loss of data
     1>c:\users\jason\downloads\cs174a final\ktak-tunnel-dodge-ba4820b2545a\174aproject\main.cpp(864): warning C4244: 'initializing' : conversion from 'double' to 'float', possible loss of data
     1>c:\users\jason\downloads\cs174a final\ktak-tunnel-dodge-ba4820b2545a\174aproject\main.cpp(882): warning C4244: 'initializing' : conversion from 'double' to 'float', possible loss of data
     1>c:\users\jason\downloads\cs174a final\ktak-tunnel-dodge-ba4820b2545a\174aproject\main.cpp(945): warning C4996: 'fopen': This function or variable may be unsafe. Consider using fopen_s instead. To disable deprecation, use _CRT_SECURE_NO_WARNINGS. See online help for details.
                 c:\program files (x86)\microsoft visual studio 12.0\vc\include\stdio.h(211) : see declaration of 'fopen'
     1>c:\users\jason\downloads\cs174a final\ktak-tunnel-dodge-ba4820b2545a\174aproject\main.cpp(946): warning C4996: 'fopen': This function or variable may be unsafe. Consider using fopen_s instead. To disable deprecation, use _CRT_SECURE_NO_WARNINGS. See online help for details.
                 c:\program files (x86)\microsoft visual studio 12.0\vc\include\stdio.h(211) : see declaration of 'fopen'
       Link:
         C:\Program Files (x86)\Microsoft Visual Studio 12.0\VC\bin\link.exe /ERRORREPORT:PROMPT /OUT:"C:\Users\Jason\Downloads\CS174A Final\ktak-tunnel-dodge-ba4820b2545a\Debug\174AProject.exe" /INCREMENTAL /NOLOGO /LIBPATH:"C:\Users\Jason\Downloads\CS174A Final\ktak-tunnel-dodge-ba4820b2545a\174AProject\..\freeglut-1.8.0\lib" /LIBPATH:"C:\Users\Jason\Downloads\CS174A Final\ktak-tunnel-dodge-ba4820b2545a\174AProject\..\glew-1.9.0\lib" glew32.lib kernel32.lib user32.lib gdi32.lib winspool.lib comdlg32.lib advapi32.lib shell32.lib ole32.lib oleaut32.lib uuid.lib odbc32.lib odbccp32.lib /MANIFEST /MANIFESTUAC:"level='asInvoker' uiAccess='false'" /manifest:embed /DEBUG /PDB:"C:\Users\Jason\Downloads\CS174A Final\ktak-tunnel-dodge-ba4820b2545a\Debug\174AProject.pdb" /TLBID:1 /DYNAMICBASE /NXCOMPAT /IMPLIB:"C:\Users\Jason\Downloads\CS174A Final\ktak-tunnel-dodge-ba4820b2545a\Debug\174AProject.lib" /MACHINE:X86 Debug\image_DXT.obj
         Debug\image_helper.obj
         Debug\main.obj
         Debug\SOIL.obj
         Debug\stb_image_aug.obj
         174AProject.vcxproj -> C:\Users\Jason\Downloads\CS174A Final\ktak-tunnel-dodge-ba4820b2545a\Debug\174AProject.exe
     1>Done Building Project "C:\Users\Jason\Downloads\CS174A Final\ktak-tunnel-dodge-ba4820b2545a\174AProject\174AProject.vcxproj" (Build target(s)).

Build succeeded.

Time Elapsed 00:00:14.20
